2024/08/05 17:32:49 [stderr] 15059: nginx: 配置文件[nginx.conf]载入失败，退出!
2024/08/05 17:32:49 [stderr] 15059: nginx: 程序退出！
2024/08/05 17:34:20 [stderr] 15616: nginx: 配置文件[nginx.conf]载入失败，退出!
2024/08/05 17:34:20 [stderr] 15616: nginx: 程序退出！
2024/08/05 17:35:26 [stderr] 16020: nginx: 配置文件[nginx.conf]载入失败，退出!
2024/08/05 17:35:26 [stderr] 16020: nginx: 程序退出！
2024/08/05 17:35:56 [stderr] 16210: nginx: 配置文件[nginx.conf]载入失败，退出!
2024/08/05 17:35:56 [stderr] 16210: nginx: 程序退出！
2024/08/05 17:52:04 [stderr] 21355: nginx: 配置文件[nginx.conf]载入失败，退出!
2024/08/05 17:52:04 [stderr] 21355: nginx: 程序退出！
2024/08/05 17:54:21 [stderr] 22338: nginx: 配置文件[nginx.conf]载入失败，退出!
2024/08/05 17:54:21 [stderr] 22338: nginx: 程序退出！
2024/08/05 17:54:35 [stderr] 22410: nginx: 配置文件[nginx.conf]载入失败，退出!
2024/08/05 17:54:35 [stderr] 22410: nginx: 程序退出！
2024/08/05 17:57:45 [stderr] 23515: nginx: 配置文件[nginx.conf]载入失败，退出!
2024/08/05 17:57:45 [stderr] 23515: nginx: 程序退出！
2024/08/05 18:00:30 [info] 24501: 监听80端口成功!
2024/08/05 18:00:30 [notice] 24502: master process ./my_nginx_app 24502 【master进程】启动并开始运行......!
2024/08/05 18:00:31 [notice] 24503: worker process 24503 【worker进程】启动并开始运行......!
2024/08/05 21:43:24 [info] 1348: 监听80端口成功!
2024/08/05 21:43:24 [notice] 1349: master process ./my_nginx_app 1349 【master进程】启动并开始运行......!
2024/08/05 21:43:25 [notice] 1350: worker process 1350 【worker进程】启动并开始运行......!
